<?xml version="1.0" encoding="UTF-8" ?>
<testsuite errors="0" failures="0" hostname="LAPTOP-LRH665M3" name="org.eclipseguide.persistence.SimpleTest" skipped="0" tests="2" time="0.009" timestamp="2021-04-27T16:58:21">
  <properties>
[...]
</properties>
  <testcase classname="org.eclipseguide.persistence.SimpleTest" name="testAdd" time="0.0" />
  <testcase classname="org.eclipseguide.persistence.SimpleTest" name="testMultiply" time="0.0" />
  <system-out><![CDATA[]]></system-out>
  <system-err><![CDATA[]]></system-err>
</testsuite>
